<?xml version="1.0" encoding="UTF-8"?>
<!-- Generated by org.testng.reporters.JUnitXMLReporter -->
<testsuite ignored="1" hostname="DESKTOP-R9NNO27" failures="2" tests="2" name="Test" time="0.157" errors="0" timestamp="2023-10-12T23:21:53 IST">
  <testcase classname="testPack.VerifyCheckoutAndConyinueShoopingTestng" name="toVerifyCheckoutPage" time="0.071">
    <failure type="java.lang.NullPointerException" message="Cannot invoke &amp;quot;org.openqa.selenium.SearchContext.findElement(org.openqa.selenium.By)&amp;quot; because &amp;quot;this.searchContext&amp;quot; is null">
      <![CDATA[java.lang.NullPointerException: Cannot invoke "org.openqa.selenium.SearchContext.findElement(org.openqa.selenium.By)" because "this.searchContext" is null
at org.openqa.selenium.support.pagefactory.DefaultElementLocator.findElement(DefaultElementLocator.java:70)
at org.openqa.selenium.support.pagefactory.internal.LocatingElementHandler.invoke(LocatingElementHandler.java:39)
at jdk.proxy2/jdk.proxy2.$Proxy14.click(Unknown Source)
at pages.AddToCartPage.clickOnBackPack(AddToCartPage.java:23)
at testPack.VerifyCheckoutAndConyinueShoopingTestng.toVerifyCheckoutPage(VerifyCheckoutAndConyinueShoopingTestng.java:63)
at java.base/java.util.ArrayList.forEach(ArrayList.java:1511)
... Removed 25 stack frames]]>
    </failure>
  </testcase> <!-- toVerifyCheckoutPage -->
  <testcase classname="testPack.VerifyCheckoutAndConyinueShoopingTestng" name="toVerifyContinueShopping" time="0.003">
    <failure type="java.lang.NullPointerException" message="Cannot invoke &amp;quot;org.openqa.selenium.SearchContext.findElement(org.openqa.selenium.By)&amp;quot; because &amp;quot;this.searchContext&amp;quot; is null">
      <![CDATA[java.lang.NullPointerException: Cannot invoke "org.openqa.selenium.SearchContext.findElement(org.openqa.selenium.By)" because "this.searchContext" is null
at org.openqa.selenium.support.pagefactory.DefaultElementLocator.findElement(DefaultElementLocator.java:70)
at org.openqa.selenium.support.pagefactory.internal.LocatingElementHandler.invoke(LocatingElementHandler.java:39)
at jdk.proxy2/jdk.proxy2.$Proxy14.click(Unknown Source)
at pages.AddToCartPage.clickOnBackPack(AddToCartPage.java:23)
at testPack.VerifyCheckoutAndConyinueShoopingTestng.toVerifyContinueShopping(VerifyCheckoutAndConyinueShoopingTestng.java:79)
at java.base/java.util.ArrayList.forEach(ArrayList.java:1511)
... Removed 25 stack frames]]>
    </failure>
  </testcase> <!-- toVerifyContinueShopping -->
  <testcase classname="testPack.VerifyLoginTestng" name="logOut" time="0.0">
    <ignored/>
  </testcase> <!-- logOut -->
</testsuite> <!-- Test -->
